# JRE version: Java(TM) SE Runtime Environment (8.0_60-b27) (build 1.8.0_60-b27)
# Java VM: Java HotSpot(TM) 64-Bit Server VM (25.60-b23 mixed mode bsd-amd64 compressed oops)
Heap:
 PSYoungGen      total 346624K, used 4282K [0x0000000795580000, 0x00000007ac400000, 0x00000007c0000000)
  eden space 342528K, 1% used [0x0000000795580000,0x00000007959ae878,0x00000007aa400000)
  from space 4096K, 0% used [0x00000007aa400000,0x00000007aa400000,0x00000007aa800000)
  to   space 16384K, 0% used [0x00000007ab400000,0x00000007ab400000,0x00000007ac400000)
 ParOldGen       total 69632K, used 18532K [0x0000000740000000, 0x0000000744400000, 0x0000000795580000)
  object space 69632K, 26% used [0x0000000740000000,0x0000000741219290,0x0000000744400000)
 Metaspace       used 37107K, capacity 37598K, committed 38144K, reserved 1083392K
  class space    used 4378K, capacity 4487K, committed 4608K, reserved 1048576K
GC Heap History (10 events):
Event: 11.576 GC heap before
{Heap before GC invocations=11 (full 2):
 PSYoungGen      total 247296K, used 12576K [0x0000000795580000, 0x00000007ac500000, 0x00000007c0000000)
  eden space 231936K, 0% used [0x0000000795580000,0x0000000795580000,0x00000007a3800000)
  from space 15360K, 81% used [0x00000007a3800000,0x00000007a4448118,0x00000007a4700000)
  to   space 16384K, 0% used [0x00000007ab500000,0x00000007ab500000,0x00000007ac500000)
 ParOldGen       total 51200K, used 11495K [0x0000000740000000, 0x0000000743200000, 0x0000000795580000)
  object space 51200K, 22% used [0x0000000740000000,0x0000000740b39cb8,0x0000000743200000)
 Metaspace       used 34823K, capacity 35140K, committed 35496K, reserved 1081344K
  class space    used 4188K, capacity 4267K, committed 4352K, reserved 1048576K
Event: 11.669 GC heap after
Heap after GC invocations=11 (full 2):
 PSYoungGen      total 247296K, used 0K [0x0000000795580000, 0x00000007ac500000, 0x00000007c0000000)
  eden space 231936K, 0% used [0x0000000795580000,0x0000000795580000,0x00000007a3800000)
  from space 15360K, 0% used [0x00000007a3800000,0x00000007a3800000,0x00000007a4700000)
  to   space 16384K, 0% used [0x00000007ab500000,0x00000007ab500000,0x00000007ac500000)
 ParOldGen       total 69632K, used 21021K [0x0000000740000000, 0x0000000744400000, 0x0000000795580000)
  object space 69632K, 30% used [0x0000000740000000,0x0000000741487500,0x0000000744400000)
 Metaspace       used 34823K, capacity 35140K, committed 35496K, reserved 1081344K
  class space    used 4188K, capacity 4267K, committed 4352K, reserved 1048576K
}
Event: 3634.220 GC heap before
{Heap before GC invocations=12 (full 2):
 PSYoungGen      total 247296K, used 128118K [0x0000000795580000, 0x00000007ac500000, 0x00000007c0000000)
  eden space 231936K, 55% used [0x0000000795580000,0x000000079d29da70,0x00000007a3800000)
  from space 15360K, 0% used [0x00000007a3800000,0x00000007a3800000,0x00000007a4700000)
  to   space 16384K, 0% used [0x00000007ab500000,0x00000007ab500000,0x00000007ac500000)
 ParOldGen       total 69632K, used 21021K [0x0000000740000000, 0x0000000744400000, 0x0000000795580000)
  object space 69632K, 30% used [0x0000000740000000,0x0000000741487500,0x0000000744400000)
 Metaspace       used 36737K, capacity 37166K, committed 37632K, reserved 1083392K
  class space    used 4380K, capacity 4506K, committed 4608K, reserved 1048576K
Event: 3634.256 GC heap after
Heap after GC invocations=12 (full 2):
 PSYoungGen      total 358912K, used 1441K [0x0000000795580000, 0x00000007ac500000, 0x00000007c0000000)
  eden space 342528K, 0% used [0x0000000795580000,0x0000000795580000,0x00000007aa400000)
  from space 16384K, 8% used [0x00000007ab500000,0x00000007ab668518,0x00000007ac500000)
  to   space 16896K, 0% used [0x00000007aa400000,0x00000007aa400000,0x00000007ab480000)
 ParOldGen       total 69632K, used 21029K [0x0000000740000000, 0x0000000744400000, 0x0000000795580000)
  object space 69632K, 30% used [0x0000000740000000,0x0000000741489500,0x0000000744400000)
 Metaspace       used 36737K, capacity 37166K, committed 37632K, reserved 1083392K
  class space    used 4380K, capacity 4506K, committed 4608K, reserved 1048576K
}
Event: 3634.256 GC heap before
{Heap before GC invocations=13 (full 3):
 PSYoungGen      total 358912K, used 1441K [0x0000000795580000, 0x00000007ac500000, 0x00000007c0000000)
  eden space 342528K, 0% used [0x0000000795580000,0x0000000795580000,0x00000007aa400000)
  from space 16384K, 8% used [0x00000007ab500000,0x00000007ab668518,0x00000007ac500000)
  to   space 16896K, 0% used [0x00000007aa400000,0x00000007aa400000,0x00000007ab480000)
 ParOldGen       total 69632K, used 21029K [0x0000000740000000, 0x0000000744400000, 0x0000000795580000)
  object space 69632K, 30% used [0x0000000740000000,0x0000000741489500,0x0000000744400000)
 Metaspace       used 36737K, capacity 37166K, committed 37632K, reserved 1083392K
  class space    used 4380K, capacity 4506K, committed 4608K, reserved 1048576K
Event: 3634.536 GC heap after
Heap after GC invocations=13 (full 3):
 PSYoungGen      total 358912K, used 0K [0x0000000795580000, 0x00000007ac500000, 0x00000007c0000000)
  eden space 342528K, 0% used [0x0000000795580000,0x0000000795580000,0x00000007aa400000)
  from space 16384K, 0% used [0x00000007ab500000,0x00000007ab500000,0x00000007ac500000)
  to   space 16896K, 0% used [0x00000007aa400000,0x00000007aa400000,0x00000007ab480000)
 ParOldGen       total 69632K, used 16270K [0x0000000740000000, 0x0000000744400000, 0x0000000795580000)
  object space 69632K, 23% used [0x0000000740000000,0x0000000740fe38b8,0x0000000744400000)
 Metaspace       used 36569K, capacity 36884K, committed 37632K, reserved 1083392K
  class space    used 4350K, capacity 4451K, committed 4608K, reserved 1048576K
}
Event: 4158.254 GC heap before
{Heap before GC invocations=14 (full 3):
 PSYoungGen      total 358912K, used 202849K [0x0000000795580000, 0x00000007ac500000, 0x00000007c0000000)
  eden space 342528K, 59% used [0x0000000795580000,0x00000007a1b98708,0x00000007aa400000)
  from space 16384K, 0% used [0x00000007ab500000,0x00000007ab500000,0x00000007ac500000)
  to   space 16896K, 0% used [0x00000007aa400000,0x00000007aa400000,0x00000007ab480000)
 ParOldGen       total 69632K, used 16270K [0x0000000740000000, 0x0000000744400000, 0x0000000795580000)
  object space 69632K, 23% used [0x0000000740000000,0x0000000740fe38b8,0x0000000744400000)
 Metaspace       used 37109K, capacity 37604K, committed 38144K, reserved 1083392K
  class space    used 4379K, capacity 4489K, committed 4608K, reserved 1048576K
Event: 4158.324 GC heap after
Heap after GC invocations=14 (full 3):
 PSYoungGen      total 346624K, used 3897K [0x0000000795580000, 0x00000007ac400000, 0x00000007c0000000)
  eden space 342528K, 0% used [0x0000000795580000,0x0000000795580000,0x00000007aa400000)
  from space 4096K, 95% used [0x00000007aa400000,0x00000007aa7ce458,0x00000007aa800000)
  to   space 16384K, 0% used [0x00000007ab400000,0x00000007ab400000,0x00000007ac400000)
 ParOldGen       total 69632K, used 16270K [0x0000000740000000, 0x0000000744400000, 0x0000000795580000)
  object space 69632K, 23% used [0x0000000740000000,0x0000000740fe38b8,0x0000000744400000)
 Metaspace       used 37109K, capacity 37604K, committed 38144K, reserved 1083392K
  class space    used 4379K, capacity 4489K, committed 4608K, reserved 1048576K
}
Event: 4158.324 GC heap before
{Heap before GC invocations=15 (full 4):
 PSYoungGen      total 346624K, used 3897K [0x0000000795580000, 0x00000007ac400000, 0x00000007c0000000)
  eden space 342528K, 0% used [0x0000000795580000,0x0000000795580000,0x00000007aa400000)
  from space 4096K, 95% used [0x00000007aa400000,0x00000007aa7ce458,0x00000007aa800000)
  to   space 16384K, 0% used [0x00000007ab400000,0x00000007ab400000,0x00000007ac400000)
 ParOldGen       total 69632K, used 16270K [0x0000000740000000, 0x0000000744400000, 0x0000000795580000)
  object space 69632K, 23% used [0x0000000740000000,0x0000000740fe38b8,0x0000000744400000)
 Metaspace       used 37109K, capacity 37604K, committed 38144K, reserved 1083392K
  class space    used 4379K, capacity 4489K, committed 4608K, reserved 1048576K
Event: 4158.728 GC heap after
Heap after GC invocations=15 (full 4):
 PSYoungGen      total 346624K, used 0K [0x0000000795580000, 0x00000007ac400000, 0x00000007c0000000)
  eden space 342528K, 0% used [0x0000000795580000,0x0000000795580000,0x00000007aa400000)
  from space 4096K, 0% used [0x00000007aa400000,0x00000007aa400000,0x00000007aa800000)
  to   space 16384K, 0% used [0x00000007ab400000,0x00000007ab400000,0x00000007ac400000)
 ParOldGen       total 69632K, used 18532K [0x0000000740000000, 0x0000000744400000, 0x0000000795580000)
  object space 69632K, 26% used [0x0000000740000000,0x0000000741219290,0x0000000744400000)
 Metaspace       used 37107K, capacity 37598K, committed 38144K, reserved 1083392K
  class space    used 4378K, capacity 4487K, committed 4608K, reserved 1048576K
}

